e:\onedrive\sjtu\se\se344_computergraphics\code\iteration1\iteration1\debug\vc140.pdb
e:\onedrive\sjtu\se\se344_computergraphics\code\iteration1\iteration1\debug\vc140.idb
e:\onedrive\sjtu\se\se344_computergraphics\code\iteration1\iteration1\debug\ball.obj
e:\onedrive\sjtu\se\se344_computergraphics\code\iteration1\iteration1\debug\ballgui.obj
e:\onedrive\sjtu\se\se344_computergraphics\code\iteration1\iteration1\debug\camera.obj
e:\onedrive\sjtu\se\se344_computergraphics\code\iteration1\iteration1\debug\desk.obj
e:\onedrive\sjtu\se\se344_computergraphics\code\iteration1\iteration1\debug\edge.obj
e:\onedrive\sjtu\se\se344_computergraphics\code\iteration1\iteration1\debug\gamemanager.obj
e:\onedrive\sjtu\se\se344_computergraphics\code\iteration1\iteration1\debug\ghostball.obj
e:\onedrive\sjtu\se\se344_computergraphics\code\iteration1\iteration1\debug\level.obj
e:\onedrive\sjtu\se\se344_computergraphics\code\iteration1\iteration1\debug\lighter.obj
e:\onedrive\sjtu\se\se344_computergraphics\code\iteration1\iteration1\debug\main.obj
e:\onedrive\sjtu\se\se344_computergraphics\code\iteration1\iteration1\debug\movingball.obj
e:\onedrive\sjtu\se\se344_computergraphics\code\iteration1\iteration1\debug\physics.obj
e:\onedrive\sjtu\se\se344_computergraphics\code\iteration1\iteration1\debug\point.obj
e:\onedrive\sjtu\se\se344_computergraphics\code\iteration1\iteration1\debug\rect.obj
e:\onedrive\sjtu\se\se344_computergraphics\code\iteration1\iteration1\debug\renderer.obj
e:\onedrive\sjtu\se\se344_computergraphics\code\iteration1\iteration1\debug\staticball.obj
e:\onedrive\sjtu\se\se344_computergraphics\code\iteration1\iteration1\debug\text.obj
e:\onedrive\sjtu\se\se344_computergraphics\code\iteration1\iteration1\debug\vector.obj
e:\onedrive\sjtu\se\se344_computergraphics\code\iteration1\iteration1\debug\whiteball.obj
e:\onedrive\sjtu\se\se344_computergraphics\code\iteration1\iteration1\debug\flag.obj
e:\onedrive\sjtu\se\se344_computergraphics\code\iteration1\debug\iteration1.ilk
e:\onedrive\sjtu\se\se344_computergraphics\code\iteration1\debug\iteration1.exe
e:\onedrive\sjtu\se\se344_computergraphics\code\iteration1\debug\iteration1.pdb
e:\onedrive\sjtu\se\se344_computergraphics\code\iteration1\iteration1\debug\iteration1.tlog\cl.command.1.tlog
e:\onedrive\sjtu\se\se344_computergraphics\code\iteration1\iteration1\debug\iteration1.tlog\cl.read.1.tlog
e:\onedrive\sjtu\se\se344_computergraphics\code\iteration1\iteration1\debug\iteration1.tlog\cl.write.1.tlog
e:\onedrive\sjtu\se\se344_computergraphics\code\iteration1\iteration1\debug\iteration1.tlog\link.command.1.tlog
e:\onedrive\sjtu\se\se344_computergraphics\code\iteration1\iteration1\debug\iteration1.tlog\link.read.1.tlog
e:\onedrive\sjtu\se\se344_computergraphics\code\iteration1\iteration1\debug\iteration1.tlog\link.write.1.tlog
